C51 COMPILER V9.01   KEY_SWEEP                                                             02/11/2015 21:51:43 PAGE 1   


C51 COMPILER V9.01, COMPILATION OF MODULE KEY_SWEEP
OBJECT MODULE PLACED IN key_sweep.OBJ
COMPILER INVOKED BY: C:\KeilMDK\C51\BIN\C51.EXE key_sweep.c BROWSE DEBUG OBJECTEXTEND

line level    source

   1          /***************************************************************/
   2          /*底层驱动名称:   4*4按键翻转式扫描驱动  
   3          /*入 口  参 数：  无  宏定义：Key_Port P2      
   4          /*出 口  参 数：  按键值(十进制）               
   5          /*作        者：  先永     完成时间：2009、2、20          
   6          /***************************************************************/
   7          
   8          #include "stc.h"/*包含STC单片机头文件*/
*** WARNING C318 IN LINE 8 OF key_sweep.c: can't open file 'stc.h'
   9          #include "key_sweep.h"
  10          
  11          unsigned char Key_Value=0;
  12          unsigned char Key_flag =0;
  13          
  14          //以下为键码                                                       
  15          unsigned char code Key_code[]=
  16          {
  17                  //p0    p1   p2  p3
  18                  0xee,0xed,0xeb,0xe7,   //p4
  19                  0xde,0xdd,0xdb,0xd7,  //p5
  20                  0xbe,0xbd,0xbb,0xb7,  //p6
  21                  0x7e,0x7d,0x7b,0x77  //p7
  22          };
  23          
  24          
  25          void Key_Scan(void)
  26          {
  27   1              unsigned char   KeyV_l,KeyV_h,KeyV,i;
  28   1                                      
  29   1      //      if(Key_Port!=0X0f)                //0000 1111  有按键的时候就可能是0000 1110；
  30   1      //      {
  31   1                      //Delay();
  32   1                      if(Key_Port!=0X0f)                //0000 1111  有按键的时候就可能是0000 1110；
*** ERROR C202 IN LINE 32 OF KEY_SWEEP.C: 'Key_Port': undefined identifier
  33   1                      {
  34   2                              KeyV_l=Key_Port&0x0f; //取出键码的 低4位
*** ERROR C202 IN LINE 34 OF KEY_SWEEP.C: 'Key_Port': undefined identifier
  35   2                              Key_Port=0XF0;
*** ERROR C202 IN LINE 35 OF KEY_SWEEP.C: 'Key_Port': undefined identifier
  36   2                              KeyV_h=Key_Port&0xf0; //取出键码的 高4位
*** ERROR C202 IN LINE 36 OF KEY_SWEEP.C: 'Key_Port': undefined identifier
  37   2                              KeyV=KeyV_h+KeyV_l;       //合并键码
  38   2              
  39   2                              /*************************************
  40   2                          按键编码         对应         键值
  41   2                              Ee   ed   eb  e7                 1      5  9   13
  42   2                              De   dd   db  d7                 2      6  10  14
  43   2                              Be   bd   bb  b7                 3      7  11  15
  44   2                              7e   7d   7b  77                 4      8  12  16
  45   2                              *************************************/
  46   2                              for(i=0;i<16;i++)       //利用键码查找键值
  47   2                              {
  48   3                                      if(Key_code[i]==KeyV)
  49   3                                      Key_Value=(i+1);
  50   3                              }
C51 COMPILER V9.01   KEY_SWEEP                                                             02/11/2015 21:51:43 PAGE 2   

  51   2                              Key_Port=0X0f;
*** ERROR C202 IN LINE 51 OF KEY_SWEEP.C: 'Key_Port': undefined identifier
  52   2                      }
  53   1      //      }
  54   1      
  55   1              Key_flag =1;
  56   1      }

C51 COMPILATION COMPLETE.  1 WARNING(S),  5 ERROR(S)
