C51 COMPILER V9.01   LCD16022                                                              01/30/2015 12:21:52 PAGE 1   


C51 COMPILER V9.01, COMPILATION OF MODULE LCD16022
OBJECT MODULE PLACED IN LCD16022.OBJ
COMPILER INVOKED BY: C:\Keil\C51\BIN\C51.EXE LCD16022.c BROWSE DEBUG OBJECTEXTEND

line level    source

   1          #include<reg51.h> //包含头文件，这个嘛，就不用多说了～～ 
   2          #define uint unsigned int//预定义一下 
   3          #define uchar unsigned char 
   4          sbit rs=P2^6;//1602的数据/指令选择控制线 
   5          sbit rw=P2^5;//1602的读写控制线 
   6          sbit en=P2^7;//1602的使能控制线 
   7          /*P2口接1602的D0~D7，注意不要接错了顺序，我以前可在这上面吃过亏～*/ 
   8          uchar code table[]="LCD1602 check ok"; //要显示的内容1放入数组tablel 
   9          uchar code table1[]="study up";//要显示的内容2放入数组table1 
  10          void delay(uint n)//延时函数
  11          { 
  12   1      uint x,y;  
  13   1       for(x=n;x>0;x--) 
  14   1      for(y=110;y>0;y--); 
  15   1      } 
  16          void lcd_wcom(uchar com)//1602写命令函数
  17          { 
  18   1       rs=0;//选择指令寄存器
  19   1       rw=0;//选择写
  20   1       delay(5);
  21   1        en=1;//使能线电平变化，命令送入1602的8位数据口
  22   1       delay(5); 
  23   1       P0=com;//把命令字送入P2 
  24   1       delay(5);//延时一小会儿，让1602准备接收数据 
  25   1       en=0; 
  26   1      } 
  27          void lcd_wdat(uchar dat)//1602写数据函数
  28          { 
  29   1       rs=1;//选择数据寄存器 
  30   1       rw=0;//选择写
  31   1       delay(5);
  32   1       en=1;//使能线电平变化，数据送入1602的8位数据口
  33   1       delay(5);  
  34   1       P0=dat;//把要显示的数据送入P2 
  35   1       delay(5);//延时一小会儿，让1602准备接收数据 
  36   1       
  37   1       en=0; 
  38   1      } 
  39          void lcd_init()//1602初始化函数 
  40          { 
  41   1       lcd_wcom(0x38); //8位数据，双列，5*7字形
  42   1       lcd_wcom(0x0c);//开启显示屏，关光标，光标不闪烁 
  43   1       lcd_wcom(0x06); //显示地址递增，即写一个数据后，显示位置右移一位 
  44   1       lcd_wcom(0x01); //清屏 
  45   1      } 
  46          void main()//主函数 
  47          {
  48   1       uchar n,m=0; 
  49   1       lcd_init();//液晶初始化
  50   1       lcd_wcom(0x80);//显示地址设为80H（即00H，）上排第一位 
  51   1       for(m=0;m<16;m++)//将table[]中的数据依次写入1602显示 
  52   1       { 
  53   2      lcd_wdat(table[m]);
  54   2      delay(200); 
  55   2       } 
C51 COMPILER V9.01   LCD16022                                                              01/30/2015 12:21:52 PAGE 2   

  56   1       lcd_wcom(0x80+0x44); //重新设定显示地址为0xc4,即下排第5位 
  57   1       for(n=0;n<8;n++)//将table1[]中的数据依次写入1602显示 
  58   1       {
  59   2      lcd_wdat(table1[n]); 
  60   2      delay(200); 
  61   2       } 
  62   1       while(1);//动态停机 
  63   1      } 


MODULE INFORMATION:   STATIC OVERLAYABLE
   CODE SIZE        =    153    ----
   CONSTANT SIZE    =     26    ----
   XDATA SIZE       =   ----    ----
   PDATA SIZE       =   ----    ----
   DATA SIZE        =   ----    ----
   IDATA SIZE       =   ----    ----
   BIT SIZE         =   ----    ----
END OF MODULE INFORMATION.


C51 COMPILATION COMPLETE.  0 WARNING(S),  0 ERROR(S)
