C51 COMPILER V9.01   LCD16021                                                              01/30/2015 00:04:05 PAGE 1   


C51 COMPILER V9.01, COMPILATION OF MODULE LCD16021
OBJECT MODULE PLACED IN lcd16021.OBJ
COMPILER INVOKED BY: C:\Keil\C51\BIN\C51.EXE lcd16021.c BROWSE DEBUG OBJECTEXTEND

line level    source

   1          #include"lcd.h"
   2          
   3          /*******************************************************************************
   4          * 函数名         : Delay1us
   5          * 函数功能                 : 延时函数，延时1us
   6          * 输入           : a
   7          * 输出           : 无
   8          *******************************************************************************/
   9          
  10          void Delay1us(uint a)
  11          {
  12   1              uint b,c;
  13   1              for(c=a;c>0;c--)
  14   1                      for(b=110;b>0;b--);
  15   1      }
  16          /*******************************************************************************
  17          * 函数名         : LCD1602_WriteCom
  18          * 函数功能                 : 向LCD写入一个字节的命令
  19          * 输入           : com
  20          * 输出           : 无
  21          *******************************************************************************/
  22          #ifndef         LCD1602_4PINS    //当没有定义这个LCD1602_4PINS时
              void LCD1602_WriteCom(uchar com)          //写入命令
              {
                      LCD1602_E=0;
                      LCD1602_RS=0;
                      LCD1602_RW=0;
                      LCD1602_DATAPINS=com;
                      Delay1us(10);
                      LCD1602_E=1;
                      Delay1us(10);
                      LCD1602_E=0;
              }
              #else 
  35          void LCD1602_WriteCom(uchar com)          //写入命令
  36          {
  37   1              LCD1602_E=0;
  38   1              LCD1602_RS=0;
  39   1              LCD1602_RW=0;
  40   1              LCD1602_DATAPINS=com;   //由于4位的接线是接到P0口的高四位，所以传送高四位不用改
  41   1              Delay1us(10);
  42   1              LCD1602_E=1;
  43   1              Delay1us(10);
  44   1              LCD1602_E=0;
  45   1              Delay1us(10);
  46   1              LCD1602_DATAPINS=com<<4;
  47   1              Delay1us(10);
  48   1              LCD1602_E=1;
  49   1              Delay1us(10);
  50   1              LCD1602_E=0;
  51   1      }
  52          #endif
  53          /*******************************************************************************
  54          * 函数名         : LCD1602_WriteData
  55          * 函数功能                 : 向LCD写入一个字节的数据
C51 COMPILER V9.01   LCD16021                                                              01/30/2015 00:04:05 PAGE 2   

  56          * 输入           : dat
  57          * 输出           : 无
  58          *******************************************************************************/                   
  59          #ifndef         LCD1602_4PINS              
              void LCD1602_WriteData(uchar dat)                       //写入数据
              {
                      LCD1602_E=0;
                      LCD1602_RS=1;
                      LCD1602_RW=0;
                      LCD1602_DATAPINS=dat;
                      Delay1us(10);
                      LCD1602_E=1;
                      Delay1us(10);
                      LCD1602_E=0;
              }
              #else
  72          void LCD1602_WriteData(uchar dat)                       //写入数据
  73          {
  74   1              LCD1602_E=0;
  75   1              LCD1602_RS=1;
  76   1              LCD1602_RW=0;
  77   1              LCD1602_DATAPINS=dat;   //由于4位的接线是接到P0口的高四位，所以传送高四位不用改
  78   1              Delay1us(10);
  79   1              LCD1602_E=1;
  80   1              Delay1us(10);
  81   1              LCD1602_E=0;
  82   1              LCD1602_DATAPINS=dat<<4;
  83   1              Delay1us(10);
  84   1              LCD1602_E=1;
  85   1              Delay1us(10);
  86   1              LCD1602_E=0;
  87   1      }
  88          #endif
  89          /*******************************************************************************
  90          * 函数名         : LCD1602_Init()
  91          * 函数功能                 : 初始化LCD屏
  92          * 输入           : 无
  93          * 输出           : 无
  94          *******************************************************************************/                   
  95          #ifndef         LCD1602_4PINS
              void LCD1602_Init()                                               //LCD初始化子程序
              {
                      LCD1602_WriteCom(0x38);  //开显示
                      LCD1602_WriteCom(0x0c);  //开显示不显示光标
                      LCD1602_WriteCom(0x06);  //写一个指针加1
                      LCD1602_WriteCom(0x01);  //清屏
                      LCD1602_WriteCom(0x80);  //设置数据指针起点
              }
              #else
 105          void LCD1602_Init()                                               //LCD初始化子程序
 106          {
 107   1              LCD1602_WriteCom(0x32);  //将8位总线转为4位总线
 108   1              LCD1602_WriteCom(0x28);  //在四位线下的初始化
 109   1              LCD1602_WriteCom(0x0c);  //开显示不显示光标
 110   1              LCD1602_WriteCom(0x06);  //写一个指针加1
 111   1              LCD1602_WriteCom(0x01);  //清屏
 112   1              LCD1602_WriteCom(0x80);  //设置数据指针起点
 113   1      }
 114          #endif
 115          /*******************************************************************************
 116          *                 
 117          *                                      普中科技
C51 COMPILER V9.01   LCD16021                                                              01/30/2015 00:04:05 PAGE 3   

 118          --------------------------------------------------------------------------------
 119          * 实 验 名               : LCD1602显示试验
 120          * 实验说明       : LCD1602显示Pechin Science
 121          * 连接方式       : 见连接图
 122          * 注    意               : 
 123          *******************************************************************************/
 124          #include<reg51.h>       
 125          #include"lcd.h"
 126          
 127          //--定义全局变量--//
 128          unsigned char PuZh[]=" Pechin Science ";
 129          
 130          /*******************************************************************************
 131          * 函 数 名         : main
 132          * 函数功能                 : 主函数
 133          * 输    入         : 无
 134          * 输    出         : 无
 135          *******************************************************************************/
 136          void main(void)
 137          {
 138   1              unsigned char i;
 139   1              LcdInit();
 140   1              for(i=0;i<16;i++)
 141   1              {
 142   2                      LcdWriteData(PuZh[i]);  
 143   2              }
 144   1              while(1)
 145   1              {
 146   2              }                               
 147   1      }


MODULE INFORMATION:   STATIC OVERLAYABLE
   CODE SIZE        =    151    ----
   CONSTANT SIZE    =   ----    ----
   XDATA SIZE       =   ----    ----
   PDATA SIZE       =   ----    ----
   DATA SIZE        =     17       1
   IDATA SIZE       =   ----    ----
   BIT SIZE         =   ----    ----
END OF MODULE INFORMATION.


C51 COMPILATION COMPLETE.  0 WARNING(S),  0 ERROR(S)
