C51 COMPILER V9.01   LED                                                                   01/27/2015 21:58:40 PAGE 1   


C51 COMPILER V9.01, COMPILATION OF MODULE LED
OBJECT MODULE PLACED IN led.OBJ
COMPILER INVOKED BY: C:\Keil\C51\BIN\C51.EXE led.c BROWSE DEBUG OBJECTEXTEND

line level    source

   1          #include"lcd.h"
   2          
   3          /*******************************************************************************
   4          * 函 数 名         : Lcd1602_Delay1ms
   5          * 函数功能                 : 延时函数，延时1ms
   6          * 输    入         : c
   7          * 输    出         : 无
   8          * 说    名         : 该函数是在12MHZ晶振下，12分频单片机的延时。
   9          *******************************************************************************/
  10          
  11          void Lcd1602_Delay1ms(uint c)   //误差 0us
  12          {
  13   1          uchar a,b;
  14   1              for (; c>0; c--)
  15   1              {
  16   2                       for (b=199;b>0;b--)
  17   2                       {
  18   3                              for(a=1;a>0;a--);
  19   3                       }      
  20   2              }
  21   1              
  22   1      }
  23          
  24          /*******************************************************************************
  25          * 函 数 名         : LcdWriteCom
  26          * 函数功能                 : 向LCD写入一个字节的命令
  27          * 输    入         : com
  28          * 输    出         : 无
  29          *******************************************************************************/
  30          #ifndef         LCD1602_4PINS    //当没有定义这个LCD1602_4PINS时
              void LcdWriteCom(uchar com)       //写入命令
              {
                      LCD1602_E = 0;     //使能
                      LCD1602_RS = 0;    //选择发送命令
                      LCD1602_RW = 0;    //选择写入
                      
                      LCD1602_DATAPINS = com;     //放入命令
                      Lcd1602_Delay1ms(1);            //等待数据稳定
              
                      LCD1602_E = 1;            //写入时序
                      Lcd1602_Delay1ms(5);      //保持时间
                      LCD1602_E = 0;
              }
              #else 
  45          void LcdWriteCom(uchar com)       //写入命令
  46          {
  47   1              LCD1602_E = 0;   //使能清零
  48   1              LCD1602_RS = 0;  //选择写入命令
  49   1              LCD1602_RW = 0;  //选择写入
  50   1      
  51   1              LCD1602_DATAPINS = com; //由于4位的接线是接到P0口的高四位，所以传送高四位不用改
  52   1              Lcd1602_Delay1ms(1);
  53   1      
  54   1              LCD1602_E = 1;   //写入时序
  55   1              Lcd1602_Delay1ms(5);
C51 COMPILER V9.01   LED                                                                   01/27/2015 21:58:40 PAGE 2   

  56   1              LCD1602_E = 0;
  57   1      
  58   1      //      Lcd1602_Delay1ms(1);
  59   1              LCD1602_DATAPINS = com << 4; //发送低四位
  60   1              Lcd1602_Delay1ms(1);
  61   1      
  62   1              LCD1602_E = 1;   //写入时序
  63   1              Lcd1602_Delay1ms(5);
  64   1              LCD1602_E = 0;
  65   1      }
  66          #endif
  67          /*******************************************************************************
  68          * 函 数 名         : LcdWriteData
  69          * 函数功能                 : 向LCD写入一个字节的数据
  70          * 输    入         : dat
  71          * 输    出         : 无
  72          *******************************************************************************/                   
  73          #ifndef         LCD1602_4PINS              
              void LcdWriteData(uchar dat)                    //写入数据
              {
                      LCD1602_E = 0;  //使能清零
                      LCD1602_RS = 1; //选择输入数据
                      LCD1602_RW = 0; //选择写入
              
                      LCD1602_DATAPINS = dat; //写入数据
                      Lcd1602_Delay1ms(1);
              
                      LCD1602_E = 1;   //写入时序
                      Lcd1602_Delay1ms(5);   //保持时间
                      LCD1602_E = 0;
              }
              #else
  88          void LcdWriteData(uchar dat)                    //写入数据
  89          {
  90   1              LCD1602_E = 0;    //使能清零
  91   1              LCD1602_RS = 1;   //选择写入数据
  92   1              LCD1602_RW = 0;   //选择写入
  93   1      
  94   1              LCD1602_DATAPINS = dat; //由于4位的接线是接到P0口的高四位，所以传送高四位不用改
  95   1              Lcd1602_Delay1ms(1);
  96   1      
  97   1              LCD1602_E = 1;    //写入时序
  98   1              Lcd1602_Delay1ms(5);
  99   1              LCD1602_E = 0;
 100   1      
 101   1              LCD1602_DATAPINS = dat << 4; //写入低四位
 102   1              Lcd1602_Delay1ms(1);
 103   1      
 104   1              LCD1602_E = 1;    //写入时序
 105   1              Lcd1602_Delay1ms(5);
 106   1              LCD1602_E = 0;
 107   1      }
 108          #endif
 109          /*******************************************************************************
 110          * 函 数 名       : LcdInit()
 111          * 函数功能               : 初始化LCD屏
 112          * 输    入       : 无
 113          * 输    出       : 无
 114          *******************************************************************************/                   
 115          #ifndef         LCD1602_4PINS
              void LcdInit()                                            //LCD初始化子程序
              {
C51 COMPILER V9.01   LED                                                                   01/27/2015 21:58:40 PAGE 3   

                      LcdWriteCom(0x38);  //开显示
                      LcdWriteCom(0x0c);  //开显示不显示光标
                      LcdWriteCom(0x06);  //写一个指针加1
                      LcdWriteCom(0x01);  //清屏
                      LcdWriteCom(0x80);  //设置数据指针起点
              }
              #else
 125          void LcdInit()                                            //LCD初始化子程序
 126          {
 127   1              LcdWriteCom(0x32);       //将8位总线转为4位总线
 128   1              LcdWriteCom(0x28);       //在四位线下的初始化
 129   1              LcdWriteCom(0x0c);  //开显示不显示光标
 130   1              LcdWriteCom(0x06);  //写一个指针加1
 131   1              LcdWriteCom(0x01);  //清屏
 132   1              LcdWriteCom(0x80);  //设置数据指针起点
 133   1      }
 134          #endif
 135          /*******************************************************************************
 136          *                 
 137          *                                      普中科技
 138          --------------------------------------------------------------------------------
 139          * 实 验 名               : 矩阵键盘显示试验
 140          * 实验说明       : LCD1602显示读取到的键值
 141          * 连接方式       : 见连接图
 142          * 注    意               : 
 143          *******************************************************************************/
 144          #include<reg51.h>       
 145          #include"lcd.h"
 146          
 147          //--定义使用的IO口--//  
 148          #define GPIO_KEY P1
 149          
 150          //--定义全局变量--//
 151          unsigned char PuZh[17]="The key value is:";
 152          unsigned char KeyValue;
 153          //用来存放读取到的键值
 154          
 155          //--声明全局函数--//
 156          void KeyScan(void);
 157          void Delay10ms(unsigned int c);   //误差 0us
 158          
 159          /*******************************************************************************
 160          * 函 数 名         : main
 161          * 函数功能                 : 主函数
 162          * 输    入         : 无
 163          * 输    出         : 无
 164          *******************************************************************************/
 165          void main(void)
 166          {
 167   1              unsigned char i;
 168   1              LcdInit();
 169   1              for(i=0; i<17; i++)
 170   1              {               
 171   2                      if(i == 14)
 172   2                      {
 173   3                              LcdWriteCom(0x80 + 0x40);
 174   3                      }
 175   2                      LcdWriteData(PuZh[i]);                  
 176   2              }
 177   1              while(1)
 178   1              {
 179   2                      KeyScan();
C51 COMPILER V9.01   LED                                                                   01/27/2015 21:58:40 PAGE 4   

 180   2                      LcdWriteCom(0x80 + 0x44);
 181   2                      if(KeyValue < 10)
 182   2                      {
 183   3                              LcdWriteData('0' + KeyValue);
 184   3                      }
 185   2                      else
 186   2                      {
 187   3                              LcdWriteData('7' + KeyValue); //A的ASCII码的前10位是7，所以用7做基数    
 188   3                      }       
 189   2              }                               
 190   1      }
 191          
 192          /*******************************************************************************
 193          * 函 数 名         : KeyScan
 194          * 函数功能                 : 检测有按键按下并读取键值
 195          * 输    入         : 无
 196          * 输    出         : 无
 197          *******************************************************************************/
 198          
 199          void KeyScan(void)
 200          {
 201   1              char a = 0;
 202   1              GPIO_KEY=0x0f;
 203   1              if(GPIO_KEY!=0x0f)//读取按键是否按下
 204   1              {
 205   2                      Delay10ms(1);//延时10ms进行消抖
 206   2                      if(GPIO_KEY!=0x0f)//再次检测键盘是否按下
 207   2                      {
 208   3                              
 209   3                              //测试列
 210   3                              GPIO_KEY=0X0F;
 211   3                              switch(GPIO_KEY)
 212   3                              {
 213   4                                      case(0X07):     KeyValue=0;break;
 214   4                                      case(0X0b):     KeyValue=4;break;
 215   4                                      case(0X0d): KeyValue=8;break;
 216   4                                      case(0X0e):     KeyValue=12;break;
 217   4                              }
 218   3                              //测试行
 219   3                              GPIO_KEY=0XF0;
 220   3                              switch(GPIO_KEY)
 221   3                              {
 222   4                                      case(0X70):     KeyValue=KeyValue+3;break;
 223   4                                      case(0Xb0):     KeyValue=KeyValue+2;break;
 224   4                                      case(0Xd0): KeyValue=KeyValue+1;break;
 225   4                                      case(0Xe0):     KeyValue=KeyValue;break;
 226   4                              }
 227   3                              while((a<50) && (GPIO_KEY!=0xf0))        //检测按键松手检测
 228   3                              {
 229   4                                      Delay10ms(1);
 230   4                                      a++;
 231   4                              }
 232   3                      }
 233   2              }
 234   1      }
 235          
 236          /*******************************************************************************
 237          * 函 数 名         : Delay10ms
 238          * 函数功能                 : 延时函数，延时10ms
 239          * 输    入         : 无
 240          * 输    出         : 无
 241          *******************************************************************************/
C51 COMPILER V9.01   LED                                                                   01/27/2015 21:58:40 PAGE 5   

 242          
 243          void Delay10ms(unsigned int c)   //误差 0us
 244          {
 245   1          unsigned char a, b;
 246   1      
 247   1              //--c已经在传递过来的时候已经赋值了，所以在for语句第一句就不用赋值了--//
 248   1          for (;c>0;c--)
 249   1              {
 250   2                      for (b=38;b>0;b--)
 251   2                      {
 252   3                              for (a=130;a>0;a--);
 253   3                      }          
 254   2              }       
 255   1      }


MODULE INFORMATION:   STATIC OVERLAYABLE
   CODE SIZE        =    340    ----
   CONSTANT SIZE    =   ----    ----
   XDATA SIZE       =   ----    ----
   PDATA SIZE       =   ----    ----
   DATA SIZE        =     18       1
   IDATA SIZE       =   ----    ----
   BIT SIZE         =   ----    ----
END OF MODULE INFORMATION.


C51 COMPILATION COMPLETE.  0 WARNING(S),  0 ERROR(S)
