C51 COMPILER V7.00  QQP                                                                    04/22/2010 08:34:27 PAGE 1   


C51 COMPILER V7.00, COMPILATION OF MODULE QQP
OBJECT MODULE PLACED IN qqp.OBJ
COMPILER INVOKED BY: C:\Keil\C51\BIN\C51.EXE qqp.c BROWSE DEBUG OBJECTEXTEND

stmt level    source

   1          unsigned char code gImage_qqp[3200]  = { /* 0X10,0X10,0X00,0X28,0X00,0X28,0X01,0X1B, */
   2          0X6C,0XBD,0X64,0XBD,0X5C,0XBF,0X54,0XBF,0X54,0XBF,0X5C,0XBE,0X64,0X9D,0X64,0X9D,
   3          0X64,0X9D,0X5C,0XDF,0X4C,0XBF,0X44,0XBF,0X4C,0XDF,0X54,0XDF,0X64,0X9C,0X6C,0X9C,
   4          0X64,0X3D,0X6C,0X9E,0X74,0XBE,0X6C,0XBD,0X64,0X9C,0X64,0XBC,0X5C,0XBD,0X54,0X9D,
   5          0X5C,0XBF,0X54,0X9F,0X54,0X9F,0X5C,0XBF,0X5C,0XDF,0X5C,0XBE,0X54,0XBD,0X5C,0XBD,
   6          0X5C,0X9E,0X5C,0X9E,0X5C,0X9E,0X5C,0X9E,0X5C,0X9E,0X5C,0X9E,0X5C,0X9E,0X5C,0X9E,
   7          0X6C,0XBD,0X64,0XBD,0X5C,0XBF,0X54,0XBF,0X54,0XBF,0X5C,0XBE,0X64,0X9D,0X64,0X9D,
   8          0X64,0X9D,0X5C,0XBE,0X54,0XDF,0X4C,0XBF,0X54,0XDF,0X64,0XFE,0X6C,0XDC,0X74,0X9B,
   9          0X7C,0XBC,0X74,0X7B,0X64,0X39,0X64,0X59,0X6C,0XBA,0X6C,0XFB,0X6C,0XDC,0X64,0XBC,
  10          0X5C,0XBD,0X5C,0XBE,0X5C,0X9E,0X54,0X7E,0X54,0X7E,0X5C,0XBF,0X5C,0XDE,0X5C,0XBE,
  11          0X5C,0X9E,0X5C,0X9E,0X5C,0X9E,0X5C,0X9E,0X5C,0X9E,0X5C,0X9E,0X5C,0X9E,0X5C,0X9E,
  12          0X64,0XBE,0X64,0XBE,0X5C,0X9F,0X5C,0X9F,0X5C,0X9F,0X5C,0X9E,0X64,0X9D,0X64,0X9D,
  13          0X6C,0XBE,0X5C,0X7D,0X5C,0X9E,0X64,0XFE,0X6C,0XDD,0X64,0X5A,0X53,0X75,0X42,0XB0,
  14          0X29,0XCC,0X21,0XAA,0X19,0X89,0X11,0X69,0X09,0X49,0X11,0X8B,0X32,0XB0,0X53,0XD6,
  15          0X5C,0X18,0X6C,0X9C,0X6C,0XFE,0X64,0XBE,0X5C,0X7E,0X5C,0X7F,0X5C,0X9F,0X5C,0X9F,
  16          0X5C,0X9E,0X5C,0X9E,0X5C,0X9E,0X5C,0X9E,0X5C,0X9E,0X5C,0X9E,0X5C,0X9E,0X5C,0X9E,
  17          0X64,0XBE,0X64,0XBE,0X5C,0X9F,0X5C,0X9F,0X5C,0X9E,0X64,0X9E,0X64,0X9E,0X64,0X9D,
  18          0X6C,0XDE,0X64,0X5C,0X6C,0X9C,0X74,0X9B,0X5B,0XB6,0X3A,0X70,0X29,0XAC,0X21,0X49,
  19          0X29,0X87,0X19,0X25,0X19,0X46,0X29,0XC8,0X29,0XC9,0X19,0X69,0X11,0X08,0X09,0X29,
  20          0X2A,0X4F,0X4B,0X54,0X6C,0X7A,0X74,0XFD,0X64,0XBD,0X5C,0X5E,0X5C,0X7F,0X5C,0X9F,
  21          0X5C,0X9F,0X5C,0XBE,0X5C,0XBE,0X5C,0XBE,0X5C,0XBE,0X5C,0XBE,0X5C,0XBE,0X5C,0XBE,
  22          0X64,0XBF,0X64,0X9F,0X64,0X9E,0X64,0X9E,0X64,0X9E,0X64,0X9E,0X64,0X9E,0X64,0X9E,
  23          0X64,0X9D,0X74,0XDD,0X74,0X7A,0X53,0X13,0X29,0X8B,0X21,0X28,0X31,0X69,0X41,0XC9,
  24          0X52,0XAB,0X4A,0X49,0X42,0X09,0X41,0XE9,0X39,0XC9,0X31,0X89,0X31,0X89,0X31,0XA9,
  25          0X10,0XE6,0X19,0X89,0X3A,0XCF,0X64,0X36,0X6C,0XDA,0X64,0XBC,0X5C,0X9D,0X64,0XBE,
  26          0X5C,0XBE,0X5C,0XBE,0X5C,0XBE,0X5C,0XBE,0X5C,0XBE,0X5C,0XBE,0X5C,0XBE,0X5C,0XBE,
  27          0X5C,0XBF,0X64,0XBF,0X64,0X9E,0X64,0X9D,0X64,0X9E,0X64,0X9E,0X5C,0X9F,0X5C,0XBE,
  28          0X64,0X7C,0X74,0XBB,0X5B,0X74,0X31,0X8B,0X29,0X07,0X39,0XA8,0X4A,0X2A,0X52,0X6A,
  29          0X39,0XA6,0X4A,0X47,0X5A,0X6A,0X52,0X4A,0X52,0X2A,0X52,0X2B,0X41,0XE9,0X31,0X87,
  30          0X29,0X46,0X11,0X05,0X11,0X67,0X3A,0XCE,0X64,0X57,0X75,0X1C,0X64,0XDD,0X5C,0X9D,
  31          0X64,0XBE,0X64,0XBE,0X64,0XBE,0X64,0XBE,0X64,0XBE,0X64,0XBE,0X64,0XBE,0X64,0XBE,
  32          0X5C,0XBF,0X5C,0XBF,0X64,0X9E,0X64,0X9D,0X64,0X9D,0X5C,0X9E,0X5C,0XBF,0X5C,0XBF,
  33          0X64,0XBD,0X53,0XD7,0X31,0XED,0X29,0X27,0X4A,0X09,0X52,0X49,0X62,0XCB,0X8C,0X71,
  34          0XCE,0X77,0X9C,0XF0,0X5A,0XC9,0X4A,0X49,0X8C,0X11,0XC5,0XB8,0X9C,0X73,0X4A,0X09,
  35          0X42,0X08,0X29,0XA6,0X11,0X25,0X11,0X89,0X3B,0X33,0X64,0X9B,0X6C,0XDF,0X54,0X7E,
  36          0X64,0XBF,0X64,0XBE,0X64,0XBE,0X64,0XBE,0X64,0XBE,0X64,0XBE,0X64,0XBE,0X64,0XBE,
  37          0X5C,0XDF,0X5C,0XBE,0X64,0X9D,0X64,0X9D,0X64,0X9D,0X5C,0XBE,0X54,0XBF,0X54,0XDF,
  38          0X5C,0XBD,0X3B,0X14,0X19,0X49,0X39,0XA8,0X5A,0X8A,0X41,0XC6,0X6B,0X6D,0XF7,0XDE,
  39          0XFF,0XFD,0XBE,0X35,0X63,0X6C,0X63,0X2C,0XCE,0X19,0XFF,0XDF,0XDE,0X5B,0X62,0XAB,
  40          0X39,0XA6,0X31,0XC6,0X11,0X45,0X00,0XE6,0X1A,0X0E,0X54,0X19,0X6C,0XFF,0X64,0X9F,
  41          0X64,0XBF,0X64,0XBE,0X64,0XBE,0X64,0XBE,0X64,0XBE,0X64,0XBE,0X64,0XBE,0X64,0XBE,
  42          0X5C,0XDF,0X5C,0XBE,0X64,0XBD,0X64,0X9C,0X64,0XDE,0X5C,0XDE,0X4C,0X7E,0X54,0XDE,
  43          0X54,0X5A,0X09,0X8C,0X21,0XA9,0X4A,0X29,0X4A,0X27,0X5A,0XA9,0X84,0X91,0XF7,0XFF,
  44          0XB6,0X57,0X42,0XC9,0X53,0X2C,0X7C,0X11,0XB5,0X78,0X73,0X70,0XDE,0XBC,0X7B,0XAF,
  45          0X42,0X28,0X29,0X85,0X21,0X86,0X09,0X06,0X00,0XE9,0X53,0XD8,0X6C,0XBE,0X64,0XBF,
  46          0X64,0XBE,0X64,0XBE,0X64,0XBE,0X64,0XBE,0X64,0XBE,0X64,0XBE,0X64,0XBE,0X64,0XBE,
  47          0X5C,0XDE,0X5C,0XBD,0X64,0XBD,0X64,0XBC,0X64,0XDD,0X5C,0XDE,0X54,0X9D,0X5C,0XDD,
  48          0X4C,0X18,0X11,0XAC,0X19,0X47,0X39,0XE7,0X5A,0XA9,0X63,0X0A,0X84,0X70,0XF7,0XFF,
  49          0X7C,0XB1,0X3A,0X69,0X5B,0X2D,0X73,0XD1,0XB5,0XB9,0XA4,0XF6,0XEE,0XFD,0X73,0X6E,
  50          0X41,0XE7,0X39,0XE6,0X32,0X28,0X19,0X87,0X00,0XE8,0X32,0XD2,0X5C,0X3A,0X64,0X9D,
  51          0X64,0XBE,0X64,0XBE,0X64,0XBE,0X64,0XBE,0X64,0XBE,0X64,0XBE,0X64,0XBE,0X64,0XBE,
  52          0X5C,0XDD,0X64,0XDD,0X5C,0XBD,0X5C,0XBD,0X5C,0XBD,0X5C,0XBD,0X5C,0XBD,0X64,0XBB,
  53          0X22,0X2F,0X21,0XAB,0X39,0XE9,0X52,0X48,0X5A,0XA9,0X4A,0X67,0X6B,0XCD,0XF7,0XFF,
  54          0XF7,0XFF,0X9D,0X14,0X73,0XAF,0X6B,0X6F,0XDE,0X9C,0XFF,0XDF,0XFF,0XBF,0X6A,0XEB,
  55          0X41,0XC5,0X31,0XA4,0X21,0X64,0X09,0X03,0X00,0XE6,0X22,0X2D,0X64,0X58,0X6C,0XBB,
C51 COMPILER V7.00  QQP                                                                    04/22/2010 08:34:27 PAGE 2   

  56          0X64,0XBD,0X64,0XBE,0X64,0XBE,0X64,0XBE,0X64,0XBE,0X64,0XBE,0X64,0XBE,0X64,0XBE,
  57          0X5C,0XBD,0X64,0XDD,0X5C,0XBD,0X5C,0XBD,0X5C,0X9D,0X5C,0X9D,0X6C,0XDC,0X64,0X58,
  58          0X31,0XED,0X31,0XA9,0X49,0XE8,0X5A,0X27,0X62,0XA8,0X5A,0X87,0X5A,0XE9,0XAD,0X72,
  59          0XEF,0X39,0X94,0X4E,0X52,0X46,0X49,0XC4,0XAC,0XD1,0XEE,0XD9,0XC5,0X53,0X41,0X63,
  60          0X52,0X26,0X41,0XE5,0X29,0X64,0X19,0X04,0X19,0X47,0X19,0X8A,0X64,0X15,0X6C,0X9A,
  61          0X64,0XBD,0X64,0XBE,0X64,0XBE,0X64,0XBE,0X64,0XBE,0X64,0XBE,0X64,0XBE,0X64,0XBE,
  62          0X64,0X9C,0X64,0XDD,0X5C,0X9D,0X5C,0XDF,0X5C,0X9E,0X64,0X9C,0X7C,0XBB,0X6B,0X94,
  63          0X39,0X8A,0X41,0X46,0X51,0XA6,0X59,0XE5,0X5A,0X05,0X62,0X66,0X6A,0XA7,0X73,0X06,
  64          0X7B,0X02,0X93,0X62,0XAC,0X26,0X9B,0XA4,0X8B,0X43,0X8B,0X04,0X7A,0X83,0X6A,0X43,
  65          0X49,0X61,0X49,0X83,0X39,0X65,0X31,0X26,0X20,0XE7,0X08,0X67,0X52,0XF3,0X74,0X3A,
  66          0X6C,0X9D,0X64,0XBE,0X64,0XBE,0X64,0XBE,0X64,0XBE,0X64,0XBE,0X64,0XBE,0X64,0XBE,
  67          0X64,0X9C,0X64,0XDE,0X54,0X9E,0X5C,0XDF,0X5C,0X9E,0X64,0X7C,0X84,0X9A,0X62,0XD0,
  68          0X40,0XE5,0X51,0X24,0X69,0XE6,0X72,0X26,0X72,0X45,0X93,0X69,0XBC,0X8D,0XC4,0XAA,
  69          0XE5,0X47,0XDD,0X03,0XE5,0X24,0XE5,0X45,0XE5,0X46,0XD4,0XE6,0XB4,0X04,0XAB,0X85,
  70          0X82,0X84,0X61,0XC3,0X39,0X03,0X30,0XC5,0X20,0X86,0X10,0X47,0X4A,0X2F,0X73,0XF8,
  71          0X6C,0X9D,0X64,0XBE,0X64,0XBE,0X64,0XBE,0X64,0XBE,0X64,0XBE,0X64,0XBE,0X64,0XBE,
  72          0X6C,0X9C,0X6C,0XDE,0X54,0X7E,0X64,0XFF,0X5C,0X9F,0X6C,0X7C,0X8C,0X58,0X62,0X0C,
  73          0X71,0XE8,0X79,0XC5,0X71,0X83,0X82,0X25,0XAB,0X8A,0XD4,0XEE,0XED,0X90,0XFD,0XAC,
  74          0XF5,0X04,0XFD,0X41,0XFD,0X62,0XFD,0X41,0XF4,0XE1,0XDC,0X81,0XE4,0XC4,0XDC,0XA7,
  75          0XCC,0X89,0X8A,0XA5,0X51,0X43,0X41,0X25,0X38,0XE6,0X30,0XE7,0X41,0X8A,0X73,0X94,
  76          0X6C,0X9C,0X64,0XBE,0X64,0XBE,0X64,0XBE,0X64,0XBE,0X64,0XBE,0X64,0XBE,0X64,0XBE,
  77          0X6C,0X9D,0X6C,0XDE,0X54,0X7E,0X64,0XFF,0X64,0XBF,0X6C,0X7B,0X8C,0X57,0X59,0X89,
  78          0X81,0X87,0XA2,0X07,0X91,0X63,0X91,0X42,0XA2,0X25,0XA2,0X45,0XB2,0XC6,0XDC,0X28,
  79          0XF4,0X85,0XFD,0X03,0XFD,0X23,0XFD,0X23,0XFD,0X44,0XE4,0XA3,0XD4,0X24,0X9A,0X40,
  80          0X9A,0X62,0X71,0X00,0X60,0XA0,0X61,0X24,0X48,0XC4,0X41,0X06,0X39,0X28,0X73,0XD5,
  81          0X6C,0X9C,0X64,0XBE,0X64,0XBE,0X64,0XBE,0X64,0XBE,0X64,0XBE,0X5C,0XBE,0X5C,0XBE,
  82          0X5C,0X7E,0X64,0XBF,0X5C,0X9E,0X64,0XBE,0X5C,0XBD,0X6C,0XBA,0X42,0X4E,0X59,0X89,
  83          0X91,0X67,0XC1,0XA7,0XFB,0X0B,0XD1,0X84,0XB9,0X63,0X98,0XC0,0XA1,0X22,0X88,0XE0,
  84          0XA2,0X23,0XB3,0X25,0XC3,0XE6,0XBB,0XE5,0X9B,0X02,0X7A,0X00,0X69,0X40,0X71,0X01,
  85          0X80,0XA1,0X80,0X40,0X98,0XC2,0X88,0XC3,0X70,0XC4,0X50,0XA5,0X30,0XE8,0X63,0X75,
  86          0X74,0XBD,0X64,0XBE,0X5C,0X7D,0X64,0XDF,0X64,0XDF,0X5C,0X9E,0X64,0XDF,0X5C,0XBE,
  87          0X64,0XDF,0X64,0XDF,0X6C,0XFF,0X6C,0XFD,0X6C,0XDB,0X32,0XB0,0X31,0XAA,0X40,0XC5,
  88          0X81,0X26,0XC1,0XA7,0XD9,0X86,0XFA,0X89,0XF2,0X68,0XC9,0X24,0XB8,0XC2,0XB9,0X44,
  89          0X98,0XE2,0X91,0X02,0X91,0X21,0X89,0X20,0X81,0X40,0X81,0X21,0X88,0XE2,0X88,0XC3,
  90          0XA9,0X25,0X90,0X62,0X90,0XA1,0X80,0XA2,0X58,0X41,0X30,0X02,0X18,0X25,0X42,0X70,
  91          0X64,0X5A,0X64,0XBE,0X5C,0X9D,0X64,0XBF,0X64,0XBF,0X5C,0X9E,0X64,0XDF,0X5C,0XBE,
  92          0X64,0X7F,0X5C,0X5D,0X54,0X9C,0X5C,0XBA,0X4B,0XB4,0X09,0X08,0X31,0X47,0X49,0X26,
  93          0X58,0XA3,0XD3,0X6D,0XB9,0XC7,0XC9,0X65,0XD9,0X25,0XD9,0X04,0XC8,0XC2,0XC8,0XA1,
  94          0XD8,0X80,0XD8,0X60,0XC8,0X20,0XC8,0X20,0XD0,0X40,0XC8,0X61,0XC8,0X61,0XB8,0X61,
  95          0X98,0X40,0X88,0XE1,0X81,0XE4,0X72,0X47,0X30,0XE2,0X18,0X61,0X10,0X01,0X18,0XE8,
  96          0X4B,0X75,0X64,0X9D,0X64,0XBE,0X64,0XBE,0X64,0XBE,0X5C,0X9E,0X64,0XDF,0X5C,0XBE,
  97          0X6C,0XDF,0X6C,0XFF,0X64,0XFC,0X64,0XB9,0X22,0X0C,0X11,0X06,0X31,0X25,0X51,0XA6,
  98          0X7A,0X89,0XFF,0X1B,0XFD,0X14,0XA9,0X25,0XB8,0X83,0XD0,0XA3,0XD0,0XA2,0XC8,0X40,
  99          0XE0,0X60,0XE8,0X80,0XE8,0XA1,0XE8,0X81,0XD8,0X40,0XD0,0X21,0XD0,0X62,0XC0,0XC3,
 100          0XA1,0X03,0XB3,0X0A,0XB4,0X8F,0X9C,0XB0,0X3A,0X06,0X18,0XE2,0X10,0X41,0X00,0X24,
 101          0X22,0X30,0X5C,0X3A,0X6C,0XDD,0X64,0X9D,0X64,0X9E,0X64,0X9F,0X64,0XDF,0X5C,0X9E,
 102          0X5C,0X3E,0X64,0X7D,0X6D,0X1C,0X43,0X52,0X00,0XC5,0X29,0X66,0X28,0XE3,0X41,0X64,
 103          0X94,0X2F,0XFF,0XBD,0XFE,0X79,0XAA,0X08,0XB8,0XE5,0XC8,0X83,0XC8,0X00,0XE9,0X24,
 104          0XC9,0X23,0XC1,0X64,0XC1,0X63,0XC1,0X43,0XB9,0X43,0XC1,0XA5,0XCA,0X6A,0XCB,0X0D,
 105          0XE4,0XD4,0XF6,0X18,0XE6,0X98,0XD6,0X98,0X63,0X4B,0X10,0XC2,0X08,0X42,0X00,0X44,
 106          0X01,0X0B,0X4B,0XD8,0X6C,0XBC,0X64,0X9C,0X64,0X9E,0X64,0X9F,0X64,0XBF,0X5C,0X9E,
 107          0X6C,0XFF,0X64,0X9C,0X7D,0X3C,0X19,0XCB,0X08,0XA4,0X31,0X85,0X31,0X84,0X41,0XE5,
 108          0XB5,0X94,0XFF,0XBD,0XE5,0XF7,0XAA,0XEC,0XA9,0X26,0XC9,0X04,0XC8,0X00,0XFA,0XAA,
 109          0XFD,0X56,0XFD,0X76,0XFD,0X53,0XFD,0X72,0XFD,0XB4,0XFE,0X37,0XFE,0X9B,0XFE,0XDE,
 110          0XFE,0XFE,0XEE,0X9C,0XDE,0X59,0XEF,0X1A,0X9C,0XB1,0X10,0X81,0X00,0X21,0X00,0X65,
 111          0X00,0X67,0X43,0X96,0X6C,0X9B,0X64,0X7C,0X6C,0XBE,0X64,0X9E,0X64,0X9F,0X64,0X9F,
 112          0X65,0X3F,0X5C,0X9C,0X6C,0X79,0X19,0X6A,0X10,0XE5,0X21,0X44,0X21,0X63,0X31,0XE5,
 113          0XD6,0X98,0XFF,0X9D,0XD5,0XF7,0XB4,0X10,0XA2,0X49,0X98,0XE4,0XC8,0XE4,0XFB,0X6F,
 114          0XFF,0X3F,0XFF,0X5F,0XFF,0X7D,0XFF,0XBC,0XFF,0XFD,0XFF,0XFE,0XF7,0X9F,0XE7,0X3F,
 115          0XDE,0X9F,0XD6,0X3C,0XCD,0X97,0XEE,0X99,0XBD,0X54,0X10,0X61,0X00,0X22,0X00,0X64,
 116          0X00,0X26,0X43,0X75,0X6C,0X9A,0X64,0X7B,0X6C,0XBE,0X64,0X7E,0X64,0X7E,0X64,0XBF,
 117          0X54,0XBC,0X6D,0X1D,0X74,0X79,0X7C,0X36,0X73,0XB1,0X7C,0X10,0X6B,0XAD,0X84,0X90,
C51 COMPILER V7.00  QQP                                                                    04/22/2010 08:34:27 PAGE 3   

 118          0X7B,0XEE,0X8C,0X2F,0X8B,0XEF,0X93,0XAE,0X9B,0X2C,0X40,0X00,0XA9,0X05,0XF3,0XD1,
 119          0XFF,0X5F,0XFF,0XBF,0XFF,0XFF,0XFF,0XFF,0XF7,0XFF,0XEF,0XFF,0XDF,0XBF,0XDF,0X7F,
 120          0XD6,0XBF,0XE6,0XFF,0XDE,0X5A,0XDE,0X38,0XB5,0X34,0X08,0X40,0X00,0X63,0X00,0X44,
 121          0X00,0X46,0X4B,0X74,0X6C,0X7A,0X64,0X5B,0X6C,0X9E,0X64,0X7E,0X64,0X7E,0X6C,0XBF,
 122          0X6D,0X7E,0X5C,0X9A,0X84,0XFB,0X6B,0XB4,0XEF,0XBF,0XF7,0XDF,0XFF,0XFF,0XF7,0XFE,
 123          0XFF,0XFE,0XFF,0XFE,0XFF,0XFE,0XFF,0X9D,0XFF,0XDE,0X20,0X00,0X81,0XA7,0XF5,0X35,
 124          0XFF,0X9F,0XFF,0XFF,0XFF,0XFF,0XF7,0XFF,0XF7,0XFF,0XF7,0XFF,0XE7,0X7F,0XEF,0X7F,
 125          0XDE,0XFD,0XBE,0X39,0XD7,0X1B,0XC6,0XB9,0X7C,0X50,0X10,0XE3,0X21,0X05,0X00,0X02,
 126          0X00,0X46,0X32,0XF2,0X74,0XBB,0X6C,0XBC,0X64,0X7C,0X64,0X9E,0X6C,0X9F,0X64,0X9F,
 127          0X4C,0X59,0X6D,0X1B,0X6C,0X58,0X84,0X98,0XF7,0XFF,0XF7,0XBF,0XFF,0XFF,0X00,0X00,
 128          0X08,0X20,0X00,0X00,0X10,0X40,0XFF,0XFE,0XFF,0X7D,0X08,0X00,0XEE,0X59,0XFF,0X9E,
 129          0XFF,0XDE,0XFF,0XFF,0XF7,0XFF,0XF7,0XFF,0XF7,0XFF,0XF7,0XFF,0XE7,0X3D,0XDE,0XFB,
 130          0XE7,0X5C,0XBE,0X57,0XBE,0XB8,0XBE,0XD9,0X53,0X6D,0X11,0X25,0X63,0X0F,0X18,0XC8,
 131          0X11,0X6B,0X43,0X74,0X6C,0X9A,0X6C,0X9C,0X64,0X7C,0X64,0X9E,0X64,0X7F,0X64,0X7F,
 132          0X75,0X1C,0X6C,0XFB,0X64,0X99,0X5B,0XF5,0XEF,0XBF,0XFF,0XDF,0XF7,0X7F,0XFF,0XDF,
 133          0X08,0X00,0X00,0X20,0X00,0X20,0XFF,0XDE,0XFF,0XFF,0X00,0X00,0XFF,0XFF,0XF7,0XFE,
 134          0XF7,0XFE,0XF7,0XFE,0XEF,0XFE,0XEF,0XFE,0XEF,0XDF,0XEF,0XBF,0XEF,0X7E,0XEF,0X5D,
 135          0XC6,0X77,0XD7,0X39,0XC7,0X17,0X74,0XAF,0X00,0XE3,0X42,0XCE,0X63,0X33,0X6B,0X97,
 136          0X4B,0X34,0X64,0X58,0X6C,0XBB,0X6C,0X9C,0X6C,0XBE,0X6C,0XBF,0X64,0X9F,0X64,0XBF,
 137          0X64,0X7A,0X6C,0XDB,0X6C,0XDA,0X5C,0X35,0XF7,0XFF,0XFF,0XFF,0XFF,0XDF,0X08,0X00,
 138          0X00,0X00,0X00,0X00,0X00,0X20,0XFF,0XFE,0XFF,0XDE,0X00,0X00,0XF7,0XFE,0XF7,0XFE,
 139          0XF7,0XFE,0XF7,0XFE,0XF7,0XFE,0XF7,0XFE,0XEF,0X9D,0XE7,0X3D,0XDE,0XDB,0XD6,0X79,
 140          0XEF,0X39,0XC6,0X13,0XBE,0X11,0X29,0X80,0X3A,0X47,0X5B,0X70,0X7C,0X7A,0X7C,0XBD,
 141          0X6C,0X7A,0X6C,0XDB,0X6C,0XDC,0X6C,0XBD,0X6C,0XDE,0X6C,0XBF,0X64,0XBE,0X64,0XDF,
 142          0X6C,0XBD,0X6C,0XDC,0X6C,0XF9,0X64,0X55,0XE7,0XBF,0XFF,0XFF,0X08,0X00,0X08,0X00,
 143          0X08,0X40,0XFF,0XFF,0X00,0X21,0XFF,0XFF,0XFF,0X7D,0X08,0X40,0XFF,0XFD,0XF7,0XDC,
 144          0XFF,0XDF,0XFF,0X5E,0XFF,0X5D,0XFF,0X5D,0XF7,0X1C,0XEE,0XFC,0XEE,0XDC,0XE6,0X78,
 145          0XDD,0XF3,0XB4,0X6A,0X7A,0X60,0XA3,0XE7,0X7B,0X28,0X52,0XCC,0X6C,0X79,0X64,0X9D,
 146          0X64,0XBC,0X6C,0XDC,0X64,0XBC,0X64,0XBD,0X64,0XBE,0X64,0X9E,0X5C,0X9E,0X64,0XDF,
 147          0X64,0X7D,0X64,0X9B,0X6C,0XB9,0X6C,0X95,0XEF,0XFF,0XFF,0XFF,0X00,0X00,0X00,0X00,
 148          0XFF,0XFF,0XF7,0XBF,0XEF,0X5E,0XFF,0XFF,0XFF,0XFF,0X08,0X00,0XE6,0XD7,0XFF,0XBB,
 149          0XFF,0X7E,0XFE,0XFD,0XFF,0X3D,0XFF,0X5D,0XE6,0XDB,0XE6,0X9A,0XE6,0X78,0XDD,0XB2,
 150          0XAB,0X86,0XBB,0X83,0XC3,0XA1,0XF5,0X68,0XCD,0X2C,0X62,0XC9,0X3A,0XF1,0X5C,0X7A,
 151          0X64,0XBC,0X6C,0XDD,0X64,0XBD,0X64,0XBD,0X64,0XDE,0X64,0XBE,0X5C,0X9E,0X64,0XFE,
 152          0X64,0XFF,0X5C,0X5B,0X85,0X3B,0X74,0X54,0XF7,0XFF,0XFF,0XFD,0X00,0X20,0XFF,0XFD,
 153          0XFF,0XFF,0XFF,0XFF,0XFF,0XDF,0XF7,0X9F,0XF7,0X5C,0X10,0X20,0X7A,0XE7,0XA4,0X0B,
 154          0XCD,0X94,0XBD,0X55,0XBD,0XF8,0XC6,0X79,0XA5,0XB6,0XA5,0X32,0XAC,0X8D,0X9B,0X44,
 155          0XCB,0XE1,0XFC,0XE2,0XFD,0X00,0XFD,0XC5,0XE5,0XA9,0XC5,0X6E,0X29,0XA6,0X6C,0X76,
 156          0X6C,0XBB,0X6C,0XDE,0X64,0XDE,0X64,0XBE,0X64,0XFF,0X64,0XFF,0X5C,0XDE,0X64,0XFE,
 157          0X5C,0XBD,0X75,0X3E,0X6C,0X37,0X6B,0XD2,0XF7,0XFF,0XFF,0XFD,0XEF,0XDC,0X00,0X20,
 158          0XF7,0XBE,0XFF,0XFF,0XE7,0X1E,0XFF,0XFF,0XFF,0XFF,0X08,0X00,0XC5,0X52,0XA4,0X4F,
 159          0X62,0XCB,0X3A,0X0A,0X2A,0X2B,0X2A,0X6C,0X2A,0X4B,0X5B,0X4D,0X9C,0X6E,0XB4,0X4A,
 160          0XDC,0XC8,0XE4,0XE5,0XFD,0XA7,0XDD,0X47,0XB4,0XC9,0X6A,0XE6,0X3A,0X27,0X6C,0X14,
 161          0X6C,0X9A,0X6C,0XDE,0X64,0XBD,0X5C,0X9D,0X64,0XDE,0X64,0XFE,0X5C,0XBD,0X5C,0XBD,
 162          0X7D,0X1C,0X6C,0X99,0X7C,0XB8,0X63,0XF3,0XF7,0XFF,0XEF,0XFF,0XF7,0XFF,0XF7,0XFE,
 163          0XFF,0XFF,0XF7,0XDF,0XFF,0XFF,0XFF,0XFF,0XF7,0XDF,0X00,0X01,0X5A,0XCC,0X39,0XEA,
 164          0X32,0X2E,0X43,0X12,0X5C,0X17,0X6C,0X58,0X5B,0XF5,0X43,0X11,0X42,0X6D,0X42,0X4B,
 165          0X52,0X8A,0X5A,0X8A,0X5A,0X89,0X4A,0X6A,0X4A,0X8C,0X5B,0X50,0X6C,0X15,0X74,0X99,
 166          0X6C,0XBC,0X64,0XBD,0X64,0X9D,0X64,0XBD,0X64,0XDE,0X64,0XDD,0X64,0XBD,0X64,0XBD,
 167          0X6C,0X9A,0X7D,0X3C,0X64,0X37,0X00,0XA8,0X00,0X45,0X00,0X24,0X00,0X22,0X00,0X22,
 168          0X00,0X21,0X00,0X83,0X00,0X02,0X00,0X03,0X00,0X04,0X00,0X05,0X5B,0X53,0X5B,0XB5,
 169          0X5C,0X19,0X64,0X7B,0X74,0XFC,0X7D,0X1D,0X74,0XDB,0X6C,0X79,0X6C,0X58,0X6C,0X38,
 170          0X5B,0XD6,0X5B,0XD6,0X5B,0XF6,0X5B,0XD6,0X64,0X18,0X74,0X7A,0X7C,0XDB,0X7C,0XFC,
 171          0X6C,0XDD,0X6C,0XDD,0X64,0XBD,0X6C,0XDD,0X6C,0XDD,0X64,0XBD,0X64,0XBD,0X64,0X9C,
 172          0X64,0XDF,0X75,0X3F,0X6C,0XFE,0X64,0XBC,0X74,0XFC,0X7D,0X1C,0X7C,0XDA,0X7C,0XFA,
 173          0X6C,0X77,0X7C,0XFA,0X7C,0XB9,0X8D,0X3C,0X6C,0X39,0X7C,0XFD,0X74,0XBC,0X74,0XBD,
 174          0X64,0XBD,0X64,0XBD,0X64,0XBC,0X6C,0XDC,0X6C,0XDC,0X74,0XDC,0X74,0XFB,0X74,0XDB,
 175          0X74,0XBA,0X74,0XDB,0X7C,0XFB,0X7D,0X1C,0X85,0X5D,0X8D,0X7E,0X85,0X5E,0X7D,0X1D,
 176          0X74,0XFE,0X74,0XFE,0X6C,0XFD,0X6C,0XDD,0X6C,0XDD,0X6C,0XDD,0X64,0XBD,0X64,0X9C,
 177          0X5C,0XDF,0X54,0X9F,0X54,0X7E,0X64,0XFF,0X64,0XBE,0X64,0XBD,0X64,0X9B,0X6C,0XBC,
 178          0X7D,0X1D,0X5C,0X5A,0X64,0X7B,0X74,0XDD,0X64,0X9D,0X6C,0XDF,0X5C,0X7D,0X6C,0XDF,
 179          0X5C,0X9D,0X5C,0XBD,0X64,0XBD,0X64,0XDD,0X6C,0XFD,0X75,0X1D,0X74,0XFC,0X74,0XDB,
C51 COMPILER V7.00  QQP                                                                    04/22/2010 08:34:27 PAGE 4   

 180          0X75,0X1C,0X7D,0X1C,0X7D,0X3D,0X85,0X5D,0X85,0X7E,0X85,0X7F,0X7D,0X3E,0X74,0XDD,
 181          0X75,0X1E,0X75,0X1E,0X75,0X1E,0X74,0XFE,0X6C,0XFD,0X6C,0XFD,0X6C,0XDD,0X64,0XBC,
 182          0X65,0X3F,0X65,0X3F,0X65,0X3F,0X54,0X9E,0X54,0X7D,0X64,0XDE,0X75,0X5F,0X64,0XBD,
 183          0X64,0XBD,0X64,0XBD,0X75,0X1E,0X6C,0XFE,0X6D,0X1F,0X6D,0X3F,0X6D,0X1F,0X54,0X5D,
 184          0X5C,0XBD,0X64,0XFE,0X6D,0X1F,0X6D,0X1E,0X6D,0X1E,0X75,0X1D,0X75,0X1D,0X6C,0XFC,
 185          0X75,0X3D,0X7D,0X3D,0X7D,0X3E,0X7D,0X3E,0X7D,0X5E,0X7D,0X5F,0X7D,0X3E,0X75,0X1E,
 186          0X75,0X1E,0X75,0X3E,0X7D,0X5F,0X75,0X3E,0X75,0X1E,0X75,0X1E,0X75,0X1E,0X6C,0XDD,
 187          0X5C,0XDE,0X44,0X3B,0X54,0X7C,0X54,0X7C,0X75,0X5F,0X75,0X5F,0X7D,0X7F,0X64,0XBD,
 188          0X75,0X1F,0X7D,0X5F,0X6D,0X1E,0X6C,0XFE,0X5C,0X9C,0X6D,0X1E,0X75,0X7F,0X65,0X1E,
 189          0X5C,0XDE,0X6D,0X1F,0X6D,0X3F,0X6D,0X1E,0X64,0XFD,0X6C,0XFD,0X6D,0X1D,0X6C,0XFD,
 190          0X7D,0X5E,0X7D,0X5E,0X75,0X3E,0X75,0X1D,0X75,0X3E,0X7D,0X5F,0X7D,0X5F,0X75,0X3F,
 191          0X6C,0XFD,0X7D,0X5E,0X7D,0X7F,0X7D,0X5F,0X7D,0X5E,0X7D,0X5E,0X75,0X3E,0X6C,0XFD,
 192          0X85,0XDF,0X6D,0X1D,0X75,0X3D,0X75,0X5E,0X7D,0X3E,0X64,0X7B,0X6C,0XDD,0X8D,0X9F,
 193          0X74,0XFD,0X6C,0XBC,0X7D,0X5E,0X85,0X9F,0X7D,0X5E,0X75,0X3D,0X75,0X3D,0X75,0X7F,
 194          0X6D,0X3F,0X75,0X7F,0X7D,0X9F,0X75,0X3F,0X6D,0X1E,0X75,0X5F,0X75,0X5E,0X75,0X3E,
 195          0X7D,0X7F,0X75,0X5E,0X75,0X1D,0X6D,0X1D,0X75,0X5E,0X7D,0X7F,0X7D,0X7F,0X75,0X3E,
 196          0X6C,0XFD,0X7D,0X5E,0X85,0X9F,0X85,0X9F,0X7D,0X7F,0X7D,0X7F,0X75,0X3E,0X6C,0XFD,
 197          0X7D,0X5C,0X85,0XBE,0X85,0X7D,0X7D,0X5D,0X7D,0X1D,0X7D,0X1D,0X7C,0XFD,0X85,0X3E,
 198          0X85,0X3E,0X6C,0XBB,0X9E,0X1F,0X74,0XFC,0X7D,0X5D,0X75,0X1C,0X75,0X3C,0X75,0X5D,
 199          0X6D,0X1E,0X75,0X5F,0X75,0X7F,0X75,0X3F,0X75,0X3F,0X75,0X5F,0X75,0X3E,0X64,0XDD,
 200          0X85,0X9F,0X7D,0X5F,0X75,0X1E,0X75,0X1E,0X7D,0X7F,0X8D,0XDF,0X85,0X9F,0X75,0X1E,
 201          0X6C,0XFD,0X7D,0X7F,0X8D,0XBF,0X85,0X9F,0X85,0X9F,0X7D,0X7F,0X75,0X3E,0X6C,0XFD,
 202          };


MODULE INFORMATION:   STATIC OVERLAYABLE
   CODE SIZE        =   ----    ----
   CONSTANT SIZE    =   3200    ----
   XDATA SIZE       =   ----    ----
   PDATA SIZE       =   ----    ----
   DATA SIZE        =   ----    ----
   IDATA SIZE       =   ----    ----
   BIT SIZE         =   ----    ----
END OF MODULE INFORMATION.


C51 COMPILATION COMPLETE.  0 WARNING(S),  0 ERROR(S)
