C51 COMPILER V9.01   GUI                                                                   02/11/2015 01:06:55 PAGE 1   


C51 COMPILER V9.01, COMPILATION OF MODULE GUI
OBJECT MODULE PLACED IN gui.OBJ
COMPILER INVOKED BY: C:\KeilMDK\C51\BIN\C51.EXE gui.c BROWSE DEBUG OBJECTEXTEND

line level    source

   1          #include"gui.h"
   2          
   3          //---汉字的字库头文件---//
   4          #include"charcode.h"
   5          
   6          //---如果要显示图片就添加这个头文件---//
   7          #ifdef PICTURE_SHOW
   8          
   9          #include"picturemaxiwp.h"
*** ERROR C249 IN LINE 4842 OF PICTUREMAXIWP.H: 'pic': ALLOCATION EXCEEDS 64K
  10          
  11          #endif
  12          
  13          /****************************************************************************
  14          *函数名：GUI_Dot
  15          *输  入：x：点的X坐标；
  16          *      * y：点的Y坐标
  17          *      * color：点的颜色
  18          *输  出：
  19          *功  能：给单个像素涂上颜色。
  20          ****************************************************************************/     
  21          
  22          void GUI_Dot(uint x, uint y, uint color)
  23          {  
  24   1              uchar i;
  25   1      
  26   1              TFT_SetWindow(x-1, y, x+2, y+2);  //单个像素
  27   1      
  28   1              for(i=0; i<16; i++)
  29   1              {
  30   2                      TFT_WriteData(color);
  31   2              }
  32   1      }
  33          
  34          ///****************************************************************************
  35          //*函数名：GUI_Box
  36          //*输  入：sx：起始X坐标, sy：其实Y坐标, 
  37          //*      * ex：终止X坐标, ey：终止Y坐标,
  38          //*      * color：方框的颜色
  39          //*输  出：
  40          //*功  能：给一个区域涂上颜色。
  41          //****************************************************************************/   
  42          //void GUI_Box(uint sx, uint sy, uchar ex, uint ey, uint color)
  43          //{ 
  44          //      uint temp;   
  45          //      TFT_SetWindow(sx, sy, ex, ey); 
  46          //  sx = ex - sx + 1;
  47          //      sy = ey - sy + 1;
  48          //      while (sx--)
  49          //      {
  50          //              temp = sy;
  51          //              while (temp--)
  52          //              {       
  53          //                      TFT_WriteData(color);
  54          //              }
C51 COMPILER V9.01   GUI                                                                   02/11/2015 01:06:55 PAGE 2   

  55          //      }
  56          //}
  57          
  58          /****************************************************************************
  59          *函数名：GUI_Line 
  60          *输  入：xStart：线的起始X坐标,
  61          *      * yStart：线的其实Y坐标,
  62          *      * xEnd：线的终止X坐标,
  63          *      * yEnd：线的终止Y坐标,
  64          *      * color：线条的颜色
  65          *输  出：
  66          *功  能：画一条直线
  67          ****************************************************************************/     
  68          
  69          void GUI_Line(uint xStart, uint yStart, uchar xEnd, uint yEnd, uint color)
  70          {
  71   1              uint t;  
  72   1              int xerr = 0, yerr = 0, delta_x, delta_y, distance;  
  73   1              int incx, incy;  
  74   1              uint row, col;  
  75   1              delta_x = xEnd - xStart;//计算坐标增量  
  76   1              delta_y = yEnd - yStart;  
  77   1              col = xStart;  
  78   1              row = yStart;  
  79   1              if (delta_x > 0)
  80   1              {
  81   2                      incx=1;//设置单步方向
  82   2              }         
  83   1              else    
  84   1              {  
  85   2                  if (delta_x == 0)
  86   2                      {
  87   3                              incx = 0;//垂直线 
  88   3                      }                
  89   2                  else 
  90   2                              {
  91   3                                      incx = -1;
  92   3                                      delta_x = -delta_x;
  93   3                              }  
  94   2              }  
  95   1              if (delta_y > 0)
  96   1              {
  97   2                      incy = 1;
  98   2              }         
  99   1              else  
 100   1              {  
 101   2                  if (delta_y == 0)
 102   2                      {
 103   3                              incy = 0;//水平线  
 104   3                      } 
 105   2                  else 
 106   2                      {
 107   3                              incy = -1;
 108   3                              delta_y = -delta_y;
 109   3                      }  
 110   2              }  
 111   1              if (delta_x > delta_y)
 112   1              { 
 113   2                      distance = delta_x;//选取基本增量坐标轴  
 114   2              }
 115   1              else
 116   1              {
C51 COMPILER V9.01   GUI                                                                   02/11/2015 01:06:55 PAGE 3   

 117   2                      distance = delta_y; 
 118   2              }       
 119   1              for (t=0; t<=distance+1; t++)  
 120   1              {                                     //画线输出  
 121   2                  GUI_Dot(col, row, color);
 122   2                  xerr += delta_x;  
 123   2                  yerr += delta_y;  
 124   2                      if(xerr > distance)  
 125   2                  {  
 126   3                      xerr -= distance;  
 127   3                      col += incx;  
 128   3                  }  
 129   2                  if(yerr > distance)  
 130   2                  {  
 131   3                      yerr -= distance;  
 132   3                      row += incy;  
 133   3                  }  
 134   2              }  
 135   1      }
 136          
 137          /****************************************************************************
 138          *函数名：GUI_WriteCnChar 
 139          *输  入：x：显示起始X坐标
 140          *      * y：显示起始Y坐标
 141          *      * *cn：要显示的字符串
 142          *      * wordColor：字体的颜色
 143          *      * backColor：背景颜色
 144          *输  出：
 145          *功  能：写二号楷体汉字
 146          ****************************************************************************/     
 147          
 148          #ifdef CHAR32_SHOW
 149          
 150          void GUI_Write32CnChar(uint x, uint y, uchar *cn, uint wordColor, uint backColor)        
 151          {  
 152   1              uchar i, j, wordNum;
 153   1              uint color;
 154   1              while (*cn != '\0')
 155   1              {
 156   2                      TFT_SetWindow(x, y, x+31, y+28);
 157   2                      for (wordNum=0; wordNum<20; wordNum++)
 158   2                      {       //wordNum扫描字库的字数
 159   3                              if ((CnChar32x29[wordNum].Index[0]==*cn)
 160   3                                   &&(CnChar32x29[wordNum].Index[1]==*(cn+1)))
 161   3                              {
 162   4                                      for(i=0; i<116; i++) 
 163   4                                      {       //MSK的位数
 164   5                                              color=CnChar32x29[wordNum].Msk[i];
 165   5                                              for(j=0;j<8;j++) 
 166   5                                              {
 167   6                                                      if((color&0x80)==0x80)
 168   6                                                      {
 169   7                                                              TFT_WriteData(wordColor);
 170   7                                                      }                                               
 171   6                                                      else
 172   6                                                      {
 173   7                                                              TFT_WriteData(backColor);
 174   7                                                      } 
 175   6                                                      color<<=1;
 176   6                                              }//for(j=0;j<8;j++)结束
 177   5                                      }    
 178   4                              }
C51 COMPILER V9.01   GUI                                                                   02/11/2015 01:06:55 PAGE 4   

 179   3                      } //for (wordNum=0; wordNum<20; wordNum++)结束  
 180   2                      cn += 2;
 181   2                      x += 32;
 182   2              }
 183   1      }
 184          #endif
 185          
 186          /****************************************************************************
 187          *函数名：GUI_WriteEnChar 
 188          *输  入：x：显示起始X坐标
 189          *      * y：显示起始Y坐标
 190          *      * *cn：要显示的字符串
 191          *      * wordColor：字体的颜色
 192          *      * backColor：背景颜色
 193          *输  出：
 194          *功  能：写四号字字母
 195          ****************************************************************************/     
 196          #ifdef CHAR14_SHOW
              
              void GUI_Write14CnChar(uint x,uint y,uchar *cn,uint wordColor,uint backColor)    
              {  
                      uchar i, j, wordNum;
                      uint color;
                      while (*cn != '\0')
                      {
                              TFT_SetWindow(x, y, x+23, y+18);
                              for (wordNum=0; wordNum<20; wordNum++)
                              {       //wordNum扫描字库的字数
                                      if ((CnChar19x24[wordNum].Index[0]==*cn)
                                           &&(CnChar19x24[wordNum].Index[1]==*(cn+1)))
                                      {
                                              for(i=0; i<57; i++) 
                                              {       //MSK的位数
                                                      color=CnChar19x24[wordNum].Msk[i];
                                                      for(j=0;j<8;j++) 
                                                      {
                                                              if((color&0x80)==0x80)
                                                              {
                                                                      TFT_WriteData(wordColor);
                                                              }                                               
                                                              else
                                                              {
                                                                      TFT_WriteData(backColor);
                                                              } 
                                                              color<<=1;
                                                      }//for(j=0;j<8;j++)结束
                                              }    
                                      }
                              } //for (wordNum=0; wordNum<20; wordNum++)结束  
                              cn += 2;
                              x += 24;
                      }
              }
              
              #endif 
 234          /****************************************************************************
 235          *函数名：GUI_WriteASCII 
 236          *输  入：x：显示起始X坐标
 237          *      * y：显示起始Y坐标
 238          *      * *p：要显示的字符串
 239          *      * wordColor：字体的颜色
 240          *      * backColor：背景颜色
C51 COMPILER V9.01   GUI                                                                   02/11/2015 01:06:55 PAGE 5   

 241          *输  出：
 242          *功  能：写16X24的ASCII字符
 243          ****************************************************************************/     
 244          
 245          #ifdef USE_ASCII
              
              void GUI_WriteASCII(uint x, uint y, uchar *p, uint wordColor, uint backColor)
              {
                      uchar j, wordByte,wordNum;
                      uint color;
                      while(*p != '\0')
                      {
                              wordNum = *p - 32;
                              TFT_SetWindow(x,y,x+15, y+23);
                              for (wordByte=0; wordByte<48; wordByte++)
                              {
                                      color = ASCII16x24[wordNum][wordByte];
                                      for (j=0; j<8; j++) 
                                      {
                                              if ((color&0x80) == 0x80)
                                              {
                                                      TFT_WriteData(wordColor);
                                              }                                               
                                              else
                                              {
                                                      TFT_WriteData(backColor);
                                              }       
                                              color <<= 1;
                                      }
                              }
                              p++;
                              x +=16;
                      }
              }
              #endif
 276          
 277          /****************************************************************************
 278          *函数名：GUI_ShowPicture 
 279          *输  入：x：显示起始X坐标
 280          *      * y：显示起始Y坐标
 281          *      * wide：图片的宽度
 282          *      * high：图片的高度
 283          *输  出：
 284          *功  能：画一条直线
 285          ****************************************************************************/     
 286          #ifdef PICTURE_SHOW
 287          
 288          void GUI_ShowPicture(uint x, uint y, uchar wide, uint high)
 289          {
 290   1              uint temp = 0, tmp = 0, num = 0;
 291   1              TFT_SetWindow(x, y, x+wide-1, y+high-1);
 292   1              num = wide * high*2 ;
 293   1              do
 294   1              {  
 295   2                      temp = pic[tmp + 1];
 296   2                      temp = temp << 8;
 297   2                      temp = temp | pic[tmp];
 298   2                      TFT_WriteData(temp);//逐点显示
 299   2                      tmp += 2;
 300   2              }
 301   1              while(tmp < num);       
 302   1      }
C51 COMPILER V9.01   GUI                                                                   02/11/2015 01:06:55 PAGE 6   

 303          
 304          #endif
 305          
 306          
 307          
 308          
 309          
 310          
 311          
 312          
 313          
 314          
 315          
 316          
 317          
 318          
 319          

C51 COMPILATION COMPLETE.  0 WARNING(S),  1 ERROR(S)
