C51 COMPILER V9.01   MAIN                                                                  02/11/2015 01:06:50 PAGE 1   


C51 COMPILER V9.01, COMPILATION OF MODULE MAIN
OBJECT MODULE PLACED IN main.OBJ
COMPILER INVOKED BY: C:\KeilMDK\C51\BIN\C51.EXE main.c BROWSE DEBUG OBJECTEXTEND

line level    source

   1          #include<reg51.h>
   2          #include"gui.h"
   3          
   4          void main(void)
   5          {
   6   1              TFT_Init();
   7   1              TFT_ClearScreen(0x0000);
   8   1              while(1)
   9   1              {               
  10   2                      GUI_ShowPicture(0, 0, 176, 220);
  11   2                      
  12   2                      while(1);
  13   2              }
  14   1      }


MODULE INFORMATION:   STATIC OVERLAYABLE
   CODE SIZE        =     27    ----
   CONSTANT SIZE    =   ----    ----
   XDATA SIZE       =   ----    ----
   PDATA SIZE       =   ----    ----
   DATA SIZE        =   ----    ----
   IDATA SIZE       =   ----    ----
   BIT SIZE         =   ----    ----
END OF MODULE INFORMATION.


C51 COMPILATION COMPLETE.  0 WARNING(S),  0 ERROR(S)
